This is pdfTeX, Version 3.141592653-2.6-1.40.25 (MiKTeX 24.1) (preloaded format=pdflatex 2025.11.18)  8 FEB 2026 01:59
entering extended mode
 restricted \write18 enabled.
 %&-line parsing enabled.
**"./Titanic Analyse.tex"
(Titanic Analyse.tex
LaTeX2e <2023-11-01> patch level 1
L3 programming layer <2024-01-04>

(C:\Users\desmo\OneDrive\Desktop\Uni Stuff\komisches\tex/latex/base\article.cls
Document Class: article 2023/05/17 v1.4n Standard LaTeX document class
(C:\Users\desmo\OneDrive\Desktop\Uni Stuff\komisches\tex/latex/base\size12.clo
File: size12.clo 2023/05/17 v1.4n Standard LaTeX file (size option)
)
\c@part=\count187
\c@section=\count188
\c@subsection=\count189
\c@subsubsection=\count190
\c@paragraph=\count191
\c@subparagraph=\count192
\c@figure=\count193
\c@table=\count194
\abovecaptionskip=\skip48
\belowcaptionskip=\skip49
\bibindent=\dimen140
)
(C:\Users\desmo\OneDrive\Desktop\Uni Stuff\komisches\tex/latex/base\inputenc.st
y
Package: inputenc 2021/02/14 v1.3d Input encoding file
\inpenc@prehook=\toks17
\inpenc@posthook=\toks18
)
(C:\Users\desmo\OneDrive\Desktop\Uni Stuff\komisches\tex/latex/base\fontenc.sty
Package: fontenc 2021/04/29 v2.0v Standard LaTeX package
)
(C:\Users\desmo\OneDrive\Desktop\Uni Stuff\komisches\tex/generic/babel\babel.st
y
Package: babel 2024/01/07 v24.1 The Babel package
\babel@savecnt=\count195
\U@D=\dimen141
\l@unhyphenated=\language79

(C:\Users\desmo\OneDrive\Desktop\Uni Stuff\komisches\tex/generic/babel\txtbabel
.def)
\bbl@readstream=\read2
\bbl@dirlevel=\count196

*************************************
* Local config file bblopts.cfg used
*

(C:\Users\desmo\OneDrive\Desktop\Uni Stuff\komisches\tex/latex/arabi\bblopts.cf
g
File: bblopts.cfg 2005/09/08 v0.1 add Arabic and Farsi to "declared" options of
 babel
)
(C:\Users\desmo\OneDrive\Desktop\Uni Stuff\komisches\tex/latex/babel-german\nge
rman.ldf
Language: ngerman 2024/12/10 v2.15 German support for babel (post-1996 orthogra
phy)

(C:\Users\desmo\OneDrive\Desktop\Uni Stuff\komisches\tex/latex/babel-german\nge
rmanb.ldf
Language: ngermanb 2024/12/10 v2.15 German support for babel (post-1996 orthogr
aphy)
Package babel Info: Making " an active character on input line 122.
)))
(C:\Users\desmo\OneDrive\Desktop\Uni Stuff\komisches\tex/generic/babel/locale/d
e\babel-ngerman.tex
Package babel Info: Importing font and identification data for ngerman
(babel)             from babel-de.ini. Reported on input line 11.
)
(C:\Users\desmo\OneDrive\Desktop\Uni Stuff\komisches\tex/latex/graphics\graphic
x.sty
Package: graphicx 2021/09/16 v1.2d Enhanced LaTeX Graphics (DPC,SPQR)

(C:\Users\desmo\OneDrive\Desktop\Uni Stuff\komisches\tex/latex/graphics\keyval.
sty
Package: keyval 2022/05/29 v1.15 key=value parser (DPC)
\KV@toks@=\toks19
)
(C:\Users\desmo\OneDrive\Desktop\Uni Stuff\komisches\tex/latex/graphics\graphic
s.sty
Package: graphics 2022/03/10 v1.4e Standard LaTeX Graphics (DPC,SPQR)

(C:\Users\desmo\OneDrive\Desktop\Uni Stuff\komisches\tex/latex/graphics\trig.st
y
Package: trig 2021/08/11 v1.11 sin cos tan (DPC)
)
(C:\Users\desmo\OneDrive\Desktop\Uni Stuff\komisches\tex/latex/graphics-cfg\gra
phics.cfg
File: graphics.cfg 2016/06/04 v1.11 sample graphics configuration
)
Package graphics Info: Driver file: pdftex.def on input line 107.

(C:\Users\desmo\OneDrive\Desktop\Uni Stuff\komisches\tex/latex/graphics-def\pdf
tex.def
File: pdftex.def 2022/09/22 v1.2b Graphics/color driver for pdftex
))
\Gin@req@height=\dimen142
\Gin@req@width=\dimen143
)
(C:\Users\desmo\OneDrive\Desktop\Uni Stuff\komisches\tex/latex/l3backend\l3back
end-pdftex.def
File: l3backend-pdftex.def 2024-01-04 L3 backend support: PDF output (pdfTeX)
\l__color_backend_stack_int=\count197
\l__pdf_internal_box=\box51
) (Titanic Analyse.aux)
\openout1 = `"Titanic Analyse.aux"'.

LaTeX Font Info:    Checking defaults for OML/cmm/m/it on input line 6.
LaTeX Font Info:    ... okay on input line 6.
LaTeX Font Info:    Checking defaults for OMS/cmsy/m/n on input line 6.
LaTeX Font Info:    ... okay on input line 6.
LaTeX Font Info:    Checking defaults for OT1/cmr/m/n on input line 6.
LaTeX Font Info:    ... okay on input line 6.
LaTeX Font Info:    Checking defaults for T1/cmr/m/n on input line 6.
LaTeX Font Info:    ... okay on input line 6.
LaTeX Font Info:    Checking defaults for TS1/cmr/m/n on input line 6.
LaTeX Font Info:    ... okay on input line 6.
LaTeX Font Info:    Checking defaults for OMX/cmex/m/n on input line 6.
LaTeX Font Info:    ... okay on input line 6.
LaTeX Font Info:    Checking defaults for U/cmr/m/n on input line 6.
LaTeX Font Info:    ... okay on input line 6.

(C:\Users\desmo\OneDrive\Desktop\Uni Stuff\komisches\tex/context/base/mkii\supp
-pdf.mkii
[Loading MPS to PDF converter (version 2006.09.02).]
\scratchcounter=\count198
\scratchdimen=\dimen144
\scratchbox=\box52
\nofMPsegments=\count199
\nofMParguments=\count266
\everyMPshowfont=\toks20
\MPscratchCnt=\count267
\MPscratchDim=\dimen145
\MPnumerator=\count268
\makeMPintoPDFobject=\count269
\everyMPtoPDFconversion=\toks21
)
(C:\Users\desmo\OneDrive\Desktop\Uni Stuff\komisches\tex/latex/epstopdf-pkg\eps
topdf-base.sty
Package: epstopdf-base 2020-01-24 v2.11 Base part for package epstopdf
Package epstopdf-base Info: Redefining graphics rule for `.eps' on input line 4
85.

(C:\Users\desmo\OneDrive\Desktop\Uni Stuff\komisches\tex/latex/00miktex\epstopd
f-sys.cfg
File: epstopdf-sys.cfg 2021/03/18 v2.0 Configuration of epstopdf for MiKTeX
)) [1

{C:/Users/desmo/AppData/Local/MiKTeX/fonts/map/pdftex/pdftex.map}]
LaTeX Font Info:    External font `cmex10' loaded for size
(Font)              <12> on input line 108.
LaTeX Font Info:    External font `cmex10' loaded for size
(Font)              <8> on input line 108.
LaTeX Font Info:    External font `cmex10' loaded for size
(Font)              <6> on input line 108.
 [2]
<Sex_Survived_Pclass.png, id=14, 522.753pt x 308.352pt>
File: Sex_Survived_Pclass.png Graphic file (type png)
<use Sex_Survived_Pclass.png>
Package pdftex.def Info: Sex_Survived_Pclass.png  used on input line 126.
(pdftex.def)             Requested size: 350.99762pt x 207.03703pt.
<Sex_Survived_Pclass_Age.png, id=16, 525.76425pt x 308.352pt>
File: Sex_Survived_Pclass_Age.png Graphic file (type png)
<use Sex_Survived_Pclass_Age.png>
Package pdftex.def Info: Sex_Survived_Pclass_Age.png  used on input line 145.
(pdftex.def)             Requested size: 350.99762pt x 205.85606pt.
 [3 <./Sex_Survived_Pclass.png>]
<Sex_Survived_Embarked_Pclass.png, id=21, 527.571pt x 311.36325pt>
File: Sex_Survived_Embarked_Pclass.png Graphic file (type png)
<use Sex_Survived_Embarked_Pclass.png>
Package pdftex.def Info: Sex_Survived_Embarked_Pclass.png  used on input line 1
54.
(pdftex.def)             Requested size: 350.99762pt x 207.15373pt.
 [4 <./Sex_Survived_Pclass_Age.png> <./Sex_Survived_Embarked_Pclass.png>]
<Age_Fare_Pclass.png, id=27, 519.74174pt x 308.352pt>
File: Age_Fare_Pclass.png Graphic file (type png)
<use Age_Fare_Pclass.png>
Package pdftex.def Info: Age_Fare_Pclass.png  used on input line 185.
(pdftex.def)             Requested size: 350.99762pt x 208.24623pt.
 [5]
<Pclass_Fare_Sex_Embarked.png, id=31, 523.9575pt x 307.1475pt>
File: Pclass_Fare_Sex_Embarked.png Graphic file (type png)
<use Pclass_Fare_Sex_Embarked.png>
Package pdftex.def Info: Pclass_Fare_Sex_Embarked.png  used on input line 191.
(pdftex.def)             Requested size: 350.99762pt x 205.76431pt.
<Pclass_Survived_Fare_Sex.png, id=32, 526.96875pt x 311.9655pt>
File: Pclass_Survived_Fare_Sex.png Graphic file (type png)
<use Pclass_Survived_Fare_Sex.png>
Package pdftex.def Info: Pclass_Survived_Fare_Sex.png  used on input line 202.
(pdftex.def)             Requested size: 350.99762pt x 207.80194pt.
 [6 <./Age_Fare_Pclass.png> <./Pclass_Fare_Sex_Embarked.png>] [7 <./Pclass_Surv
ived_Fare_Sex.png>] (Titanic Analyse.aux)
 ***********
LaTeX2e <2023-11-01> patch level 1
L3 programming layer <2024-01-04>
 ***********
 ) 
Here is how much of TeX's memory you used:
 2721 strings out of 474486
 46748 string characters out of 5740437
 1931542 words of memory out of 5000000
 25009 multiletter control sequences out of 15000+600000
 567663 words of font info for 54 fonts, out of 8000000 for 9000
 1141 hyphenation exceptions out of 8191
 57i,6n,65p,307b,145s stack positions out of 10000i,1000n,20000p,200000b,200000s
 <C:\Users\desmo\AppData\Local\MiKTeX\fonts/pk/ljfour/jknappen/ec/dpi600\ecti
1200.pk> <C:\Users\desmo\AppData\Local\MiKTeX\fonts/pk/ljfour/jknappen/ec/dpi60
0\ecbx1200.pk> <C:\Users\desmo\AppData\Local\MiKTeX\fonts/pk/ljfour/jknappen/ec
/dpi600\ecbx1440.pk> <C:\Users\desmo\AppData\Local\MiKTeX\fonts/pk/ljfour/jknap
pen/ec/dpi600\ecrm1200.pk> <C:\Users\desmo\AppData\Local\MiKTeX\fonts/pk/ljfour
/jknappen/ec/dpi600\ecbx1728.pk> <C:\Users\desmo\AppData\Local\MiKTeX\fonts/pk/
ljfour/jknappen/ec/dpi600\ecbx2488.pk>
Output written on "Titanic Analyse.pdf" (7 pages, 346071 bytes).
PDF statistics:
 267 PDF objects out of 1000 (max. 8388607)
 0 named destinations out of 1000 (max. 500000)
 31 words of extra memory for PDF output out of 10000 (max. 10000000)

